<?xml version="1.0" encoding="UTF-8"?>
<testsuite xmlns:xsi="http://www.w3.org/2001/XMLSchema-instance" xsi:noNamespaceSchemaLocation="https://maven.apache.org/surefire/maven-surefire-plugin/xsd/surefire-test-report-3.0.xsd" version="3.0" name="TestSuite" time="63.756" tests="8" errors="0" skipped="0" failures="0">
  <properties>
    <property name="java.specification.version" value="17"/>
    <property name="webdriver.chrome.driver" value="C:\Users\dhananjay.pokale\.cache\selenium\chromedriver\win64\120.0.6099.109\chromedriver.exe"/>
    <property name="sun.cpu.isalist" value="amd64"/>
    <property name="sun.jnu.encoding" value="Cp1252"/>
    <property name="java.class.path" value="C:\Dhananjay_Proj\OpencartV123\target\test-classes;C:\Dhananjay_Proj\OpencartV123\target\classes;C:\Users\dhananjay.pokale\.m2\repository\org\projectlombok\lombok\1.18.30\lombok-1.18.30.jar;C:\Users\dhananjay.pokale\.m2\repository\org\seleniumhq\selenium\selenium-java\4.14.1\selenium-java-4.14.1.jar;C:\Users\dhananjay.pokale\.m2\repository\org\seleniumhq\selenium\selenium-api\4.14.1\selenium-api-4.14.1.jar;C:\Users\dhananjay.pokale\.m2\repository\org\seleniumhq\selenium\selenium-chrome-driver\4.14.1\selenium-chrome-driver-4.14.1.jar;C:\Users\dhananjay.pokale\.m2\repository\com\google\auto\service\auto-service-annotations\1.1.1\auto-service-annotations-1.1.1.jar;C:\Users\dhananjay.pokale\.m2\repository\com\google\guava\guava\32.1.2-jre\guava-32.1.2-jre.jar;C:\Users\dhananjay.pokale\.m2\repository\com\google\guava\failureaccess\1.0.1\failureaccess-1.0.1.jar;C:\Users\dhananjay.pokale\.m2\repository\com\google\guava\listenablefuture\9999.0-empty-to-avoid-conflict-with-guava\listenablefuture-9999.0-empty-to-avoid-conflict-with-guava.jar;C:\Users\dhananjay.pokale\.m2\repository\org\checkerframework\checker-qual\3.33.0\checker-qual-3.33.0.jar;C:\Users\dhananjay.pokale\.m2\repository\com\google\errorprone\error_prone_annotations\2.18.0\error_prone_annotations-2.18.0.jar;C:\Users\dhananjay.pokale\.m2\repository\com\google\j2objc\j2objc-annotations\2.8\j2objc-annotations-2.8.jar;C:\Users\dhananjay.pokale\.m2\repository\org\seleniumhq\selenium\selenium-chromium-driver\4.14.1\selenium-chromium-driver-4.14.1.jar;C:\Users\dhananjay.pokale\.m2\repository\org\seleniumhq\selenium\selenium-json\4.14.1\selenium-json-4.14.1.jar;C:\Users\dhananjay.pokale\.m2\repository\org\seleniumhq\selenium\selenium-manager\4.14.1\selenium-manager-4.14.1.jar;C:\Users\dhananjay.pokale\.m2\repository\org\seleniumhq\selenium\selenium-devtools-v116\4.14.1\selenium-devtools-v116-4.14.1.jar;C:\Users\dhananjay.pokale\.m2\repository\org\seleniumhq\selenium\selenium-devtools-v117\4.14.1\selenium-devtools-v117-4.14.1.jar;C:\Users\dhananjay.pokale\.m2\repository\org\seleniumhq\selenium\selenium-devtools-v118\4.14.1\selenium-devtools-v118-4.14.1.jar;C:\Users\dhananjay.pokale\.m2\repository\org\seleniumhq\selenium\selenium-devtools-v85\4.14.1\selenium-devtools-v85-4.14.1.jar;C:\Users\dhananjay.pokale\.m2\repository\org\seleniumhq\selenium\selenium-edge-driver\4.14.1\selenium-edge-driver-4.14.1.jar;C:\Users\dhananjay.pokale\.m2\repository\org\seleniumhq\selenium\selenium-firefox-driver\4.14.1\selenium-firefox-driver-4.14.1.jar;C:\Users\dhananjay.pokale\.m2\repository\org\seleniumhq\selenium\selenium-http\4.14.1\selenium-http-4.14.1.jar;C:\Users\dhananjay.pokale\.m2\repository\dev\failsafe\failsafe\3.3.2\failsafe-3.3.2.jar;C:\Users\dhananjay.pokale\.m2\repository\org\seleniumhq\selenium\selenium-ie-driver\4.14.1\selenium-ie-driver-4.14.1.jar;C:\Users\dhananjay.pokale\.m2\repository\org\seleniumhq\selenium\selenium-remote-driver\4.14.1\selenium-remote-driver-4.14.1.jar;C:\Users\dhananjay.pokale\.m2\repository\io\opentelemetry\opentelemetry-api\1.28.0\opentelemetry-api-1.28.0.jar;C:\Users\dhananjay.pokale\.m2\repository\io\opentelemetry\opentelemetry-context\1.28.0\opentelemetry-context-1.28.0.jar;C:\Users\dhananjay.pokale\.m2\repository\io\opentelemetry\opentelemetry-exporter-logging\1.28.0\opentelemetry-exporter-logging-1.28.0.jar;C:\Users\dhananjay.pokale\.m2\repository\io\opentelemetry\opentelemetry-sdk-metrics\1.28.0\opentelemetry-sdk-metrics-1.28.0.jar;C:\Users\dhananjay.pokale\.m2\repository\io\opentelemetry\opentelemetry-extension-incubator\1.28.0-alpha\opentelemetry-extension-incubator-1.28.0-alpha.jar;C:\Users\dhananjay.pokale\.m2\repository\io\opentelemetry\opentelemetry-sdk-logs\1.28.0\opentelemetry-sdk-logs-1.28.0.jar;C:\Users\dhananjay.pokale\.m2\repository\io\opentelemetry\opentelemetry-sdk-common\1.28.0\opentelemetry-sdk-common-1.28.0.jar;C:\Users\dhananjay.pokale\.m2\repository\io\opentelemetry\opentelemetry-sdk-extension-autoconfigure-spi\1.28.0\opentelemetry-sdk-extension-autoconfigure-spi-1.28.0.jar;C:\Users\dhananjay.pokale\.m2\repository\io\opentelemetry\opentelemetry-sdk-extension-autoconfigure\1.28.0\opentelemetry-sdk-extension-autoconfigure-1.28.0.jar;C:\Users\dhananjay.pokale\.m2\repository\io\opentelemetry\opentelemetry-api-events\1.28.0-alpha\opentelemetry-api-events-1.28.0-alpha.jar;C:\Users\dhananjay.pokale\.m2\repository\io\opentelemetry\opentelemetry-sdk-trace\1.28.0\opentelemetry-sdk-trace-1.28.0.jar;C:\Users\dhananjay.pokale\.m2\repository\io\opentelemetry\opentelemetry-sdk\1.28.0\opentelemetry-sdk-1.28.0.jar;C:\Users\dhananjay.pokale\.m2\repository\io\opentelemetry\opentelemetry-semconv\1.28.0-alpha\opentelemetry-semconv-1.28.0-alpha.jar;C:\Users\dhananjay.pokale\.m2\repository\net\bytebuddy\byte-buddy\1.14.5\byte-buddy-1.14.5.jar;C:\Users\dhananjay.pokale\.m2\repository\org\seleniumhq\selenium\selenium-os\4.14.1\selenium-os-4.14.1.jar;C:\Users\dhananjay.pokale\.m2\repository\org\apache\commons\commons-exec\1.3\commons-exec-1.3.jar;C:\Users\dhananjay.pokale\.m2\repository\org\seleniumhq\selenium\selenium-safari-driver\4.14.1\selenium-safari-driver-4.14.1.jar;C:\Users\dhananjay.pokale\.m2\repository\org\seleniumhq\selenium\selenium-support\4.14.1\selenium-support-4.14.1.jar;C:\Users\dhananjay.pokale\.m2\repository\io\github\bonigarcia\webdrivermanager\5.6.2\webdrivermanager-5.6.2.jar;C:\Users\dhananjay.pokale\.m2\repository\com\google\code\gson\gson\2.10.1\gson-2.10.1.jar;C:\Users\dhananjay.pokale\.m2\repository\com\github\docker-java\docker-java\3.3.4\docker-java-3.3.4.jar;C:\Users\dhananjay.pokale\.m2\repository\com\github\docker-java\docker-java-core\3.3.4\docker-java-core-3.3.4.jar;C:\Users\dhananjay.pokale\.m2\repository\com\github\docker-java\docker-java-api\3.3.4\docker-java-api-3.3.4.jar;C:\Users\dhananjay.pokale\.m2\repository\com\fasterxml\jackson\core\jackson-annotations\2.10.3\jackson-annotations-2.10.3.jar;C:\Users\dhananjay.pokale\.m2\repository\com\fasterxml\jackson\core\jackson-databind\2.10.3\jackson-databind-2.10.3.jar;C:\Users\dhananjay.pokale\.m2\repository\com\fasterxml\jackson\core\jackson-core\2.10.3\jackson-core-2.10.3.jar;C:\Users\dhananjay.pokale\.m2\repository\org\bouncycastle\bcpkix-jdk18on\1.76\bcpkix-jdk18on-1.76.jar;C:\Users\dhananjay.pokale\.m2\repository\org\bouncycastle\bcprov-jdk18on\1.76\bcprov-jdk18on-1.76.jar;C:\Users\dhananjay.pokale\.m2\repository\org\bouncycastle\bcutil-jdk18on\1.76\bcutil-jdk18on-1.76.jar;C:\Users\dhananjay.pokale\.m2\repository\org\slf4j\jcl-over-slf4j\1.7.30\jcl-over-slf4j-1.7.30.jar;C:\Users\dhananjay.pokale\.m2\repository\com\github\docker-java\docker-java-transport-httpclient5\3.3.4\docker-java-transport-httpclient5-3.3.4.jar;C:\Users\dhananjay.pokale\.m2\repository\com\github\docker-java\docker-java-transport\3.3.4\docker-java-transport-3.3.4.jar;C:\Users\dhananjay.pokale\.m2\repository\net\java\dev\jna\jna\5.13.0\jna-5.13.0.jar;C:\Users\dhananjay.pokale\.m2\repository\org\brotli\dec\0.1.2\dec-0.1.2.jar;C:\Users\dhananjay.pokale\.m2\repository\org\apache\commons\commons-compress\1.24.0\commons-compress-1.24.0.jar;C:\Users\dhananjay.pokale\.m2\repository\org\apache\httpcomponents\client5\httpclient5\5.2.1\httpclient5-5.2.1.jar;C:\Users\dhananjay.pokale\.m2\repository\org\apache\httpcomponents\core5\httpcore5\5.2\httpcore5-5.2.jar;C:\Users\dhananjay.pokale\.m2\repository\org\apache\httpcomponents\core5\httpcore5-h2\5.2\httpcore5-h2-5.2.jar;C:\Users\dhananjay.pokale\.m2\repository\org\apache\poi\poi\5.2.5\poi-5.2.5.jar;C:\Users\dhananjay.pokale\.m2\repository\commons-codec\commons-codec\1.16.0\commons-codec-1.16.0.jar;C:\Users\dhananjay.pokale\.m2\repository\org\apache\commons\commons-collections4\4.4\commons-collections4-4.4.jar;C:\Users\dhananjay.pokale\.m2\repository\org\apache\commons\commons-math3\3.6.1\commons-math3-3.6.1.jar;C:\Users\dhananjay.pokale\.m2\repository\com\zaxxer\SparseBitSet\1.3\SparseBitSet-1.3.jar;C:\Users\dhananjay.pokale\.m2\repository\org\apache\poi\ooxml-security\1.1\ooxml-security-1.1.jar;C:\Users\dhananjay.pokale\.m2\repository\org\apache\xmlbeans\xmlbeans\2.3.0\xmlbeans-2.3.0.jar;C:\Users\dhananjay.pokale\.m2\repository\stax\stax-api\1.0.1\stax-api-1.0.1.jar;C:\Users\dhananjay.pokale\.m2\repository\org\apache\poi\poi-ooxml\5.0.0\poi-ooxml-5.0.0.jar;C:\Users\dhananjay.pokale\.m2\repository\org\apache\poi\poi-ooxml-lite\5.0.0\poi-ooxml-lite-5.0.0.jar;C:\Users\dhananjay.pokale\.m2\repository\com\github\virtuald\curvesapi\1.06\curvesapi-1.06.jar;C:\Users\dhananjay.pokale\.m2\repository\org\bouncycastle\bcpkix-jdk15on\1.68\bcpkix-jdk15on-1.68.jar;C:\Users\dhananjay.pokale\.m2\repository\org\bouncycastle\bcprov-jdk15on\1.68\bcprov-jdk15on-1.68.jar;C:\Users\dhananjay.pokale\.m2\repository\org\apache\santuario\xmlsec\2.2.1\xmlsec-2.2.1.jar;C:\Users\dhananjay.pokale\.m2\repository\jakarta\xml\bind\jakarta.xml.bind-api\2.3.2\jakarta.xml.bind-api-2.3.2.jar;C:\Users\dhananjay.pokale\.m2\repository\jakarta\activation\jakarta.activation-api\1.2.1\jakarta.activation-api-1.2.1.jar;C:\Users\dhananjay.pokale\.m2\repository\org\apache\xmlgraphics\batik-all\1.13\batik-all-1.13.jar;C:\Users\dhananjay.pokale\.m2\repository\org\apache\xmlgraphics\batik-anim\1.13\batik-anim-1.13.jar;C:\Users\dhananjay.pokale\.m2\repository\org\apache\xmlgraphics\batik-shared-resources\1.13\batik-shared-resources-1.13.jar;C:\Users\dhananjay.pokale\.m2\repository\xml-apis\xml-apis-ext\1.3.04\xml-apis-ext-1.3.04.jar;C:\Users\dhananjay.pokale\.m2\repository\org\apache\xmlgraphics\batik-awt-util\1.13\batik-awt-util-1.13.jar;C:\Users\dhananjay.pokale\.m2\repository\org\apache\xmlgraphics\xmlgraphics-commons\2.4\xmlgraphics-commons-2.4.jar;C:\Users\dhananjay.pokale\.m2\repository\org\apache\xmlgraphics\batik-bridge\1.13\batik-bridge-1.13.jar;C:\Users\dhananjay.pokale\.m2\repository\org\apache\xmlgraphics\batik-codec\1.13\batik-codec-1.13.jar;C:\Users\dhananjay.pokale\.m2\repository\org\apache\xmlgraphics\batik-constants\1.13\batik-constants-1.13.jar;C:\Users\dhananjay.pokale\.m2\repository\org\apache\xmlgraphics\batik-css\1.13\batik-css-1.13.jar;C:\Users\dhananjay.pokale\.m2\repository\org\apache\xmlgraphics\batik-dom\1.13\batik-dom-1.13.jar;C:\Users\dhananjay.pokale\.m2\repository\xalan\xalan\2.7.2\xalan-2.7.2.jar;C:\Users\dhananjay.pokale\.m2\repository\xalan\serializer\2.7.2\serializer-2.7.2.jar;C:\Users\dhananjay.pokale\.m2\repository\xml-apis\xml-apis\1.4.01\xml-apis-1.4.01.jar;C:\Users\dhananjay.pokale\.m2\repository\org\apache\xmlgraphics\batik-ext\1.13\batik-ext-1.13.jar;C:\Users\dhananjay.pokale\.m2\repository\org\apache\xmlgraphics\batik-extension\1.13\batik-extension-1.13.jar;C:\Users\dhananjay.pokale\.m2\repository\org\apache\xmlgraphics\batik-gui-util\1.13\batik-gui-util-1.13.jar;C:\Users\dhananjay.pokale\.m2\repository\org\apache\xmlgraphics\batik-gvt\1.13\batik-gvt-1.13.jar;C:\Users\dhananjay.pokale\.m2\repository\org\apache\xmlgraphics\batik-i18n\1.13\batik-i18n-1.13.jar;C:\Users\dhananjay.pokale\.m2\repository\org\apache\xmlgraphics\batik-parser\1.13\batik-parser-1.13.jar;C:\Users\dhananjay.pokale\.m2\repository\org\apache\xmlgraphics\batik-rasterizer-ext\1.13\batik-rasterizer-ext-1.13.jar;C:\Users\dhananjay.pokale\.m2\repository\org\apache\xmlgraphics\batik-rasterizer\1.13\batik-rasterizer-1.13.jar;C:\Users\dhananjay.pokale\.m2\repository\org\apache\xmlgraphics\batik-script\1.13\batik-script-1.13.jar;C:\Users\dhananjay.pokale\.m2\repository\org\apache\xmlgraphics\batik-slideshow\1.13\batik-slideshow-1.13.jar;C:\Users\dhananjay.pokale\.m2\repository\org\apache\xmlgraphics\batik-squiggle-ext\1.13\batik-squiggle-ext-1.13.jar;C:\Users\dhananjay.pokale\.m2\repository\org\apache\xmlgraphics\batik-squiggle\1.13\batik-squiggle-1.13.jar;C:\Users\dhananjay.pokale\.m2\repository\org\apache\xmlgraphics\batik-svg-dom\1.13\batik-svg-dom-1.13.jar;C:\Users\dhananjay.pokale\.m2\repository\org\apache\xmlgraphics\batik-svgbrowser\1.13\batik-svgbrowser-1.13.jar;C:\Users\dhananjay.pokale\.m2\repository\org\apache\xmlgraphics\batik-svggen\1.13\batik-svggen-1.13.jar;C:\Users\dhananjay.pokale\.m2\repository\org\apache\xmlgraphics\batik-svgpp\1.13\batik-svgpp-1.13.jar;C:\Users\dhananjay.pokale\.m2\repository\org\apache\xmlgraphics\batik-svgrasterizer\1.13\batik-svgrasterizer-1.13.jar;C:\Users\dhananjay.pokale\.m2\repository\org\apache\xmlgraphics\batik-swing\1.13\batik-swing-1.13.jar;C:\Users\dhananjay.pokale\.m2\repository\org\apache\xmlgraphics\batik-transcoder\1.13\batik-transcoder-1.13.jar;C:\Users\dhananjay.pokale\.m2\repository\org\apache\xmlgraphics\batik-util\1.13\batik-util-1.13.jar;C:\Users\dhananjay.pokale\.m2\repository\org\apache\xmlgraphics\batik-ttf2svg\1.13\batik-ttf2svg-1.13.jar;C:\Users\dhananjay.pokale\.m2\repository\org\apache\xmlgraphics\batik-xml\1.13\batik-xml-1.13.jar;C:\Users\dhananjay.pokale\.m2\repository\de\rototor\pdfbox\graphics2d\0.30\graphics2d-0.30.jar;C:\Users\dhananjay.pokale\.m2\repository\org\apache\pdfbox\pdfbox\2.0.22\pdfbox-2.0.22.jar;C:\Users\dhananjay.pokale\.m2\repository\org\apache\pdfbox\fontbox\2.0.22\fontbox-2.0.22.jar;C:\Users\dhananjay.pokale\.m2\repository\org\apache\logging\log4j\log4j-core\3.0.0-alpha1\log4j-core-3.0.0-alpha1.jar;C:\Users\dhananjay.pokale\.m2\repository\org\apache\logging\log4j\log4j-plugins\3.0.0-alpha1\log4j-plugins-3.0.0-alpha1.jar;C:\Users\dhananjay.pokale\.m2\repository\javax\activation\javax.activation-api\1.2.0\javax.activation-api-1.2.0.jar;C:\Users\dhananjay.pokale\.m2\repository\javax\xml\bind\jaxb-api\2.3.1\jaxb-api-2.3.1.jar;C:\Users\dhananjay.pokale\.m2\repository\com\fasterxml\woodstox\woodstox-core\6.5.0\woodstox-core-6.5.0.jar;C:\Users\dhananjay.pokale\.m2\repository\org\codehaus\woodstox\stax2-api\4.2.1\stax2-api-4.2.1.jar;C:\Users\dhananjay.pokale\.m2\repository\org\slf4j\slf4j-api\1.7.32\slf4j-api-1.7.32.jar;C:\Users\dhananjay.pokale\.m2\repository\ch\qos\logback\logback-classic\1.2.6\logback-classic-1.2.6.jar;C:\Users\dhananjay.pokale\.m2\repository\ch\qos\logback\logback-core\1.2.6\logback-core-1.2.6.jar;C:\Users\dhananjay.pokale\.m2\repository\org\apache\logging\log4j\log4j-api\3.0.0-alpha1\log4j-api-3.0.0-alpha1.jar;C:\Users\dhananjay.pokale\.m2\repository\commons-io\commons-io\2.15.0\commons-io-2.15.0.jar;C:\Users\dhananjay.pokale\.m2\repository\org\apache\commons\commons-lang3\3.14.0\commons-lang3-3.14.0.jar;C:\Users\dhananjay.pokale\.m2\repository\org\apache\commons\commons-email\1.5\commons-email-1.5.jar;C:\Users\dhananjay.pokale\.m2\repository\com\sun\mail\javax.mail\1.5.6\javax.mail-1.5.6.jar;C:\Users\dhananjay.pokale\.m2\repository\javax\activation\activation\1.1\activation-1.1.jar;C:\Users\dhananjay.pokale\.m2\repository\com\mysql\mysql-connector-j\8.2.0\mysql-connector-j-8.2.0.jar;C:\Users\dhananjay.pokale\.m2\repository\com\google\protobuf\protobuf-java\3.21.9\protobuf-java-3.21.9.jar;C:\Users\dhananjay.pokale\.m2\repository\org\testng\testng\7.5\testng-7.5.jar;C:\Users\dhananjay.pokale\.m2\repository\com\google\code\findbugs\jsr305\3.0.1\jsr305-3.0.1.jar;C:\Users\dhananjay.pokale\.m2\repository\com\beust\jcommander\1.78\jcommander-1.78.jar;C:\Users\dhananjay.pokale\.m2\repository\org\webjars\jquery\3.5.1\jquery-3.5.1.jar;C:\Users\dhananjay.pokale\.m2\repository\com\aventstack\extentreports\5.0.9\extentreports-5.0.9.jar;C:\Users\dhananjay.pokale\.m2\repository\io\reactivex\rxjava3\rxjava\3.0.4\rxjava-3.0.4.jar;C:\Users\dhananjay.pokale\.m2\repository\org\reactivestreams\reactive-streams\1.0.3\reactive-streams-1.0.3.jar;C:\Users\dhananjay.pokale\.m2\repository\org\freemarker\freemarker\2.3.30\freemarker-2.3.30.jar;"/>
    <property name="java.vm.vendor" value="Eclipse Adoptium"/>
    <property name="sun.arch.data.model" value="64"/>
    <property name="user.variant" value=""/>
    <property name="java.vendor.url" value="https://adoptium.net/"/>
    <property name="user.timezone" value="Asia/Calcutta"/>
    <property name="os.name" value="Windows 10"/>
    <property name="java.vm.specification.version" value="17"/>
    <property name="sun.java.launcher" value="SUN_STANDARD"/>
    <property name="user.country" value="IN"/>
    <property name="sun.boot.library.path" value="C:\Program Files\eclipse\plugins\org.eclipse.justj.openjdk.hotspot.jre.full.win32.x86_64_17.0.6.v20230204-1729\jre\bin"/>
    <property name="sun.java.command" value="C:\Users\dhananjay.pokale\AppData\Local\Temp\surefire13511099277317854745\surefirebooter-20240109143758737_3.jar C:\Users\dhananjay.pokale\AppData\Local\Temp\surefire13511099277317854745 2024-01-09T14-37-58_559-jvmRun1 surefire-20240109143758737_1tmp surefire_0-20240109143758737_2tmp"/>
    <property name="jdk.debug" value="release"/>
    <property name="surefire.test.class.path" value="C:\Dhananjay_Proj\OpencartV123\target\test-classes;C:\Dhananjay_Proj\OpencartV123\target\classes;C:\Users\dhananjay.pokale\.m2\repository\org\projectlombok\lombok\1.18.30\lombok-1.18.30.jar;C:\Users\dhananjay.pokale\.m2\repository\org\seleniumhq\selenium\selenium-java\4.14.1\selenium-java-4.14.1.jar;C:\Users\dhananjay.pokale\.m2\repository\org\seleniumhq\selenium\selenium-api\4.14.1\selenium-api-4.14.1.jar;C:\Users\dhananjay.pokale\.m2\repository\org\seleniumhq\selenium\selenium-chrome-driver\4.14.1\selenium-chrome-driver-4.14.1.jar;C:\Users\dhananjay.pokale\.m2\repository\com\google\auto\service\auto-service-annotations\1.1.1\auto-service-annotations-1.1.1.jar;C:\Users\dhananjay.pokale\.m2\repository\com\google\guava\guava\32.1.2-jre\guava-32.1.2-jre.jar;C:\Users\dhananjay.pokale\.m2\repository\com\google\guava\failureaccess\1.0.1\failureaccess-1.0.1.jar;C:\Users\dhananjay.pokale\.m2\repository\com\google\guava\listenablefuture\9999.0-empty-to-avoid-conflict-with-guava\listenablefuture-9999.0-empty-to-avoid-conflict-with-guava.jar;C:\Users\dhananjay.pokale\.m2\repository\org\checkerframework\checker-qual\3.33.0\checker-qual-3.33.0.jar;C:\Users\dhananjay.pokale\.m2\repository\com\google\errorprone\error_prone_annotations\2.18.0\error_prone_annotations-2.18.0.jar;C:\Users\dhananjay.pokale\.m2\repository\com\google\j2objc\j2objc-annotations\2.8\j2objc-annotations-2.8.jar;C:\Users\dhananjay.pokale\.m2\repository\org\seleniumhq\selenium\selenium-chromium-driver\4.14.1\selenium-chromium-driver-4.14.1.jar;C:\Users\dhananjay.pokale\.m2\repository\org\seleniumhq\selenium\selenium-json\4.14.1\selenium-json-4.14.1.jar;C:\Users\dhananjay.pokale\.m2\repository\org\seleniumhq\selenium\selenium-manager\4.14.1\selenium-manager-4.14.1.jar;C:\Users\dhananjay.pokale\.m2\repository\org\seleniumhq\selenium\selenium-devtools-v116\4.14.1\selenium-devtools-v116-4.14.1.jar;C:\Users\dhananjay.pokale\.m2\repository\org\seleniumhq\selenium\selenium-devtools-v117\4.14.1\selenium-devtools-v117-4.14.1.jar;C:\Users\dhananjay.pokale\.m2\repository\org\seleniumhq\selenium\selenium-devtools-v118\4.14.1\selenium-devtools-v118-4.14.1.jar;C:\Users\dhananjay.pokale\.m2\repository\org\seleniumhq\selenium\selenium-devtools-v85\4.14.1\selenium-devtools-v85-4.14.1.jar;C:\Users\dhananjay.pokale\.m2\repository\org\seleniumhq\selenium\selenium-edge-driver\4.14.1\selenium-edge-driver-4.14.1.jar;C:\Users\dhananjay.pokale\.m2\repository\org\seleniumhq\selenium\selenium-firefox-driver\4.14.1\selenium-firefox-driver-4.14.1.jar;C:\Users\dhananjay.pokale\.m2\repository\org\seleniumhq\selenium\selenium-http\4.14.1\selenium-http-4.14.1.jar;C:\Users\dhananjay.pokale\.m2\repository\dev\failsafe\failsafe\3.3.2\failsafe-3.3.2.jar;C:\Users\dhananjay.pokale\.m2\repository\org\seleniumhq\selenium\selenium-ie-driver\4.14.1\selenium-ie-driver-4.14.1.jar;C:\Users\dhananjay.pokale\.m2\repository\org\seleniumhq\selenium\selenium-remote-driver\4.14.1\selenium-remote-driver-4.14.1.jar;C:\Users\dhananjay.pokale\.m2\repository\io\opentelemetry\opentelemetry-api\1.28.0\opentelemetry-api-1.28.0.jar;C:\Users\dhananjay.pokale\.m2\repository\io\opentelemetry\opentelemetry-context\1.28.0\opentelemetry-context-1.28.0.jar;C:\Users\dhananjay.pokale\.m2\repository\io\opentelemetry\opentelemetry-exporter-logging\1.28.0\opentelemetry-exporter-logging-1.28.0.jar;C:\Users\dhananjay.pokale\.m2\repository\io\opentelemetry\opentelemetry-sdk-metrics\1.28.0\opentelemetry-sdk-metrics-1.28.0.jar;C:\Users\dhananjay.pokale\.m2\repository\io\opentelemetry\opentelemetry-extension-incubator\1.28.0-alpha\opentelemetry-extension-incubator-1.28.0-alpha.jar;C:\Users\dhananjay.pokale\.m2\repository\io\opentelemetry\opentelemetry-sdk-logs\1.28.0\opentelemetry-sdk-logs-1.28.0.jar;C:\Users\dhananjay.pokale\.m2\repository\io\opentelemetry\opentelemetry-sdk-common\1.28.0\opentelemetry-sdk-common-1.28.0.jar;C:\Users\dhananjay.pokale\.m2\repository\io\opentelemetry\opentelemetry-sdk-extension-autoconfigure-spi\1.28.0\opentelemetry-sdk-extension-autoconfigure-spi-1.28.0.jar;C:\Users\dhananjay.pokale\.m2\repository\io\opentelemetry\opentelemetry-sdk-extension-autoconfigure\1.28.0\opentelemetry-sdk-extension-autoconfigure-1.28.0.jar;C:\Users\dhananjay.pokale\.m2\repository\io\opentelemetry\opentelemetry-api-events\1.28.0-alpha\opentelemetry-api-events-1.28.0-alpha.jar;C:\Users\dhananjay.pokale\.m2\repository\io\opentelemetry\opentelemetry-sdk-trace\1.28.0\opentelemetry-sdk-trace-1.28.0.jar;C:\Users\dhananjay.pokale\.m2\repository\io\opentelemetry\opentelemetry-sdk\1.28.0\opentelemetry-sdk-1.28.0.jar;C:\Users\dhananjay.pokale\.m2\repository\io\opentelemetry\opentelemetry-semconv\1.28.0-alpha\opentelemetry-semconv-1.28.0-alpha.jar;C:\Users\dhananjay.pokale\.m2\repository\net\bytebuddy\byte-buddy\1.14.5\byte-buddy-1.14.5.jar;C:\Users\dhananjay.pokale\.m2\repository\org\seleniumhq\selenium\selenium-os\4.14.1\selenium-os-4.14.1.jar;C:\Users\dhananjay.pokale\.m2\repository\org\apache\commons\commons-exec\1.3\commons-exec-1.3.jar;C:\Users\dhananjay.pokale\.m2\repository\org\seleniumhq\selenium\selenium-safari-driver\4.14.1\selenium-safari-driver-4.14.1.jar;C:\Users\dhananjay.pokale\.m2\repository\org\seleniumhq\selenium\selenium-support\4.14.1\selenium-support-4.14.1.jar;C:\Users\dhananjay.pokale\.m2\repository\io\github\bonigarcia\webdrivermanager\5.6.2\webdrivermanager-5.6.2.jar;C:\Users\dhananjay.pokale\.m2\repository\com\google\code\gson\gson\2.10.1\gson-2.10.1.jar;C:\Users\dhananjay.pokale\.m2\repository\com\github\docker-java\docker-java\3.3.4\docker-java-3.3.4.jar;C:\Users\dhananjay.pokale\.m2\repository\com\github\docker-java\docker-java-core\3.3.4\docker-java-core-3.3.4.jar;C:\Users\dhananjay.pokale\.m2\repository\com\github\docker-java\docker-java-api\3.3.4\docker-java-api-3.3.4.jar;C:\Users\dhananjay.pokale\.m2\repository\com\fasterxml\jackson\core\jackson-annotations\2.10.3\jackson-annotations-2.10.3.jar;C:\Users\dhananjay.pokale\.m2\repository\com\fasterxml\jackson\core\jackson-databind\2.10.3\jackson-databind-2.10.3.jar;C:\Users\dhananjay.pokale\.m2\repository\com\fasterxml\jackson\core\jackson-core\2.10.3\jackson-core-2.10.3.jar;C:\Users\dhananjay.pokale\.m2\repository\org\bouncycastle\bcpkix-jdk18on\1.76\bcpkix-jdk18on-1.76.jar;C:\Users\dhananjay.pokale\.m2\repository\org\bouncycastle\bcprov-jdk18on\1.76\bcprov-jdk18on-1.76.jar;C:\Users\dhananjay.pokale\.m2\repository\org\bouncycastle\bcutil-jdk18on\1.76\bcutil-jdk18on-1.76.jar;C:\Users\dhananjay.pokale\.m2\repository\org\slf4j\jcl-over-slf4j\1.7.30\jcl-over-slf4j-1.7.30.jar;C:\Users\dhananjay.pokale\.m2\repository\com\github\docker-java\docker-java-transport-httpclient5\3.3.4\docker-java-transport-httpclient5-3.3.4.jar;C:\Users\dhananjay.pokale\.m2\repository\com\github\docker-java\docker-java-transport\3.3.4\docker-java-transport-3.3.4.jar;C:\Users\dhananjay.pokale\.m2\repository\net\java\dev\jna\jna\5.13.0\jna-5.13.0.jar;C:\Users\dhananjay.pokale\.m2\repository\org\brotli\dec\0.1.2\dec-0.1.2.jar;C:\Users\dhananjay.pokale\.m2\repository\org\apache\commons\commons-compress\1.24.0\commons-compress-1.24.0.jar;C:\Users\dhananjay.pokale\.m2\repository\org\apache\httpcomponents\client5\httpclient5\5.2.1\httpclient5-5.2.1.jar;C:\Users\dhananjay.pokale\.m2\repository\org\apache\httpcomponents\core5\httpcore5\5.2\httpcore5-5.2.jar;C:\Users\dhananjay.pokale\.m2\repository\org\apache\httpcomponents\core5\httpcore5-h2\5.2\httpcore5-h2-5.2.jar;C:\Users\dhananjay.pokale\.m2\repository\org\apache\poi\poi\5.2.5\poi-5.2.5.jar;C:\Users\dhananjay.pokale\.m2\repository\commons-codec\commons-codec\1.16.0\commons-codec-1.16.0.jar;C:\Users\dhananjay.pokale\.m2\repository\org\apache\commons\commons-collections4\4.4\commons-collections4-4.4.jar;C:\Users\dhananjay.pokale\.m2\repository\org\apache\commons\commons-math3\3.6.1\commons-math3-3.6.1.jar;C:\Users\dhananjay.pokale\.m2\repository\com\zaxxer\SparseBitSet\1.3\SparseBitSet-1.3.jar;C:\Users\dhananjay.pokale\.m2\repository\org\apache\poi\ooxml-security\1.1\ooxml-security-1.1.jar;C:\Users\dhananjay.pokale\.m2\repository\org\apache\xmlbeans\xmlbeans\2.3.0\xmlbeans-2.3.0.jar;C:\Users\dhananjay.pokale\.m2\repository\stax\stax-api\1.0.1\stax-api-1.0.1.jar;C:\Users\dhananjay.pokale\.m2\repository\org\apache\poi\poi-ooxml\5.0.0\poi-ooxml-5.0.0.jar;C:\Users\dhananjay.pokale\.m2\repository\org\apache\poi\poi-ooxml-lite\5.0.0\poi-ooxml-lite-5.0.0.jar;C:\Users\dhananjay.pokale\.m2\repository\com\github\virtuald\curvesapi\1.06\curvesapi-1.06.jar;C:\Users\dhananjay.pokale\.m2\repository\org\bouncycastle\bcpkix-jdk15on\1.68\bcpkix-jdk15on-1.68.jar;C:\Users\dhananjay.pokale\.m2\repository\org\bouncycastle\bcprov-jdk15on\1.68\bcprov-jdk15on-1.68.jar;C:\Users\dhananjay.pokale\.m2\repository\org\apache\santuario\xmlsec\2.2.1\xmlsec-2.2.1.jar;C:\Users\dhananjay.pokale\.m2\repository\jakarta\xml\bind\jakarta.xml.bind-api\2.3.2\jakarta.xml.bind-api-2.3.2.jar;C:\Users\dhananjay.pokale\.m2\repository\jakarta\activation\jakarta.activation-api\1.2.1\jakarta.activation-api-1.2.1.jar;C:\Users\dhananjay.pokale\.m2\repository\org\apache\xmlgraphics\batik-all\1.13\batik-all-1.13.jar;C:\Users\dhananjay.pokale\.m2\repository\org\apache\xmlgraphics\batik-anim\1.13\batik-anim-1.13.jar;C:\Users\dhananjay.pokale\.m2\repository\org\apache\xmlgraphics\batik-shared-resources\1.13\batik-shared-resources-1.13.jar;C:\Users\dhananjay.pokale\.m2\repository\xml-apis\xml-apis-ext\1.3.04\xml-apis-ext-1.3.04.jar;C:\Users\dhananjay.pokale\.m2\repository\org\apache\xmlgraphics\batik-awt-util\1.13\batik-awt-util-1.13.jar;C:\Users\dhananjay.pokale\.m2\repository\org\apache\xmlgraphics\xmlgraphics-commons\2.4\xmlgraphics-commons-2.4.jar;C:\Users\dhananjay.pokale\.m2\repository\org\apache\xmlgraphics\batik-bridge\1.13\batik-bridge-1.13.jar;C:\Users\dhananjay.pokale\.m2\repository\org\apache\xmlgraphics\batik-codec\1.13\batik-codec-1.13.jar;C:\Users\dhananjay.pokale\.m2\repository\org\apache\xmlgraphics\batik-constants\1.13\batik-constants-1.13.jar;C:\Users\dhananjay.pokale\.m2\repository\org\apache\xmlgraphics\batik-css\1.13\batik-css-1.13.jar;C:\Users\dhananjay.pokale\.m2\repository\org\apache\xmlgraphics\batik-dom\1.13\batik-dom-1.13.jar;C:\Users\dhananjay.pokale\.m2\repository\xalan\xalan\2.7.2\xalan-2.7.2.jar;C:\Users\dhananjay.pokale\.m2\repository\xalan\serializer\2.7.2\serializer-2.7.2.jar;C:\Users\dhananjay.pokale\.m2\repository\xml-apis\xml-apis\1.4.01\xml-apis-1.4.01.jar;C:\Users\dhananjay.pokale\.m2\repository\org\apache\xmlgraphics\batik-ext\1.13\batik-ext-1.13.jar;C:\Users\dhananjay.pokale\.m2\repository\org\apache\xmlgraphics\batik-extension\1.13\batik-extension-1.13.jar;C:\Users\dhananjay.pokale\.m2\repository\org\apache\xmlgraphics\batik-gui-util\1.13\batik-gui-util-1.13.jar;C:\Users\dhananjay.pokale\.m2\repository\org\apache\xmlgraphics\batik-gvt\1.13\batik-gvt-1.13.jar;C:\Users\dhananjay.pokale\.m2\repository\org\apache\xmlgraphics\batik-i18n\1.13\batik-i18n-1.13.jar;C:\Users\dhananjay.pokale\.m2\repository\org\apache\xmlgraphics\batik-parser\1.13\batik-parser-1.13.jar;C:\Users\dhananjay.pokale\.m2\repository\org\apache\xmlgraphics\batik-rasterizer-ext\1.13\batik-rasterizer-ext-1.13.jar;C:\Users\dhananjay.pokale\.m2\repository\org\apache\xmlgraphics\batik-rasterizer\1.13\batik-rasterizer-1.13.jar;C:\Users\dhananjay.pokale\.m2\repository\org\apache\xmlgraphics\batik-script\1.13\batik-script-1.13.jar;C:\Users\dhananjay.pokale\.m2\repository\org\apache\xmlgraphics\batik-slideshow\1.13\batik-slideshow-1.13.jar;C:\Users\dhananjay.pokale\.m2\repository\org\apache\xmlgraphics\batik-squiggle-ext\1.13\batik-squiggle-ext-1.13.jar;C:\Users\dhananjay.pokale\.m2\repository\org\apache\xmlgraphics\batik-squiggle\1.13\batik-squiggle-1.13.jar;C:\Users\dhananjay.pokale\.m2\repository\org\apache\xmlgraphics\batik-svg-dom\1.13\batik-svg-dom-1.13.jar;C:\Users\dhananjay.pokale\.m2\repository\org\apache\xmlgraphics\batik-svgbrowser\1.13\batik-svgbrowser-1.13.jar;C:\Users\dhananjay.pokale\.m2\repository\org\apache\xmlgraphics\batik-svggen\1.13\batik-svggen-1.13.jar;C:\Users\dhananjay.pokale\.m2\repository\org\apache\xmlgraphics\batik-svgpp\1.13\batik-svgpp-1.13.jar;C:\Users\dhananjay.pokale\.m2\repository\org\apache\xmlgraphics\batik-svgrasterizer\1.13\batik-svgrasterizer-1.13.jar;C:\Users\dhananjay.pokale\.m2\repository\org\apache\xmlgraphics\batik-swing\1.13\batik-swing-1.13.jar;C:\Users\dhananjay.pokale\.m2\repository\org\apache\xmlgraphics\batik-transcoder\1.13\batik-transcoder-1.13.jar;C:\Users\dhananjay.pokale\.m2\repository\org\apache\xmlgraphics\batik-util\1.13\batik-util-1.13.jar;C:\Users\dhananjay.pokale\.m2\repository\org\apache\xmlgraphics\batik-ttf2svg\1.13\batik-ttf2svg-1.13.jar;C:\Users\dhananjay.pokale\.m2\repository\org\apache\xmlgraphics\batik-xml\1.13\batik-xml-1.13.jar;C:\Users\dhananjay.pokale\.m2\repository\de\rototor\pdfbox\graphics2d\0.30\graphics2d-0.30.jar;C:\Users\dhananjay.pokale\.m2\repository\org\apache\pdfbox\pdfbox\2.0.22\pdfbox-2.0.22.jar;C:\Users\dhananjay.pokale\.m2\repository\org\apache\pdfbox\fontbox\2.0.22\fontbox-2.0.22.jar;C:\Users\dhananjay.pokale\.m2\repository\org\apache\logging\log4j\log4j-core\3.0.0-alpha1\log4j-core-3.0.0-alpha1.jar;C:\Users\dhananjay.pokale\.m2\repository\org\apache\logging\log4j\log4j-plugins\3.0.0-alpha1\log4j-plugins-3.0.0-alpha1.jar;C:\Users\dhananjay.pokale\.m2\repository\javax\activation\javax.activation-api\1.2.0\javax.activation-api-1.2.0.jar;C:\Users\dhananjay.pokale\.m2\repository\javax\xml\bind\jaxb-api\2.3.1\jaxb-api-2.3.1.jar;C:\Users\dhananjay.pokale\.m2\repository\com\fasterxml\woodstox\woodstox-core\6.5.0\woodstox-core-6.5.0.jar;C:\Users\dhananjay.pokale\.m2\repository\org\codehaus\woodstox\stax2-api\4.2.1\stax2-api-4.2.1.jar;C:\Users\dhananjay.pokale\.m2\repository\org\slf4j\slf4j-api\1.7.32\slf4j-api-1.7.32.jar;C:\Users\dhananjay.pokale\.m2\repository\ch\qos\logback\logback-classic\1.2.6\logback-classic-1.2.6.jar;C:\Users\dhananjay.pokale\.m2\repository\ch\qos\logback\logback-core\1.2.6\logback-core-1.2.6.jar;C:\Users\dhananjay.pokale\.m2\repository\org\apache\logging\log4j\log4j-api\3.0.0-alpha1\log4j-api-3.0.0-alpha1.jar;C:\Users\dhananjay.pokale\.m2\repository\commons-io\commons-io\2.15.0\commons-io-2.15.0.jar;C:\Users\dhananjay.pokale\.m2\repository\org\apache\commons\commons-lang3\3.14.0\commons-lang3-3.14.0.jar;C:\Users\dhananjay.pokale\.m2\repository\org\apache\commons\commons-email\1.5\commons-email-1.5.jar;C:\Users\dhananjay.pokale\.m2\repository\com\sun\mail\javax.mail\1.5.6\javax.mail-1.5.6.jar;C:\Users\dhananjay.pokale\.m2\repository\javax\activation\activation\1.1\activation-1.1.jar;C:\Users\dhananjay.pokale\.m2\repository\com\mysql\mysql-connector-j\8.2.0\mysql-connector-j-8.2.0.jar;C:\Users\dhananjay.pokale\.m2\repository\com\google\protobuf\protobuf-java\3.21.9\protobuf-java-3.21.9.jar;C:\Users\dhananjay.pokale\.m2\repository\org\testng\testng\7.5\testng-7.5.jar;C:\Users\dhananjay.pokale\.m2\repository\com\google\code\findbugs\jsr305\3.0.1\jsr305-3.0.1.jar;C:\Users\dhananjay.pokale\.m2\repository\com\beust\jcommander\1.78\jcommander-1.78.jar;C:\Users\dhananjay.pokale\.m2\repository\org\webjars\jquery\3.5.1\jquery-3.5.1.jar;C:\Users\dhananjay.pokale\.m2\repository\com\aventstack\extentreports\5.0.9\extentreports-5.0.9.jar;C:\Users\dhananjay.pokale\.m2\repository\io\reactivex\rxjava3\rxjava\3.0.4\rxjava-3.0.4.jar;C:\Users\dhananjay.pokale\.m2\repository\org\reactivestreams\reactive-streams\1.0.3\reactive-streams-1.0.3.jar;C:\Users\dhananjay.pokale\.m2\repository\org\freemarker\freemarker\2.3.30\freemarker-2.3.30.jar;"/>
    <property name="sun.cpu.endian" value="little"/>
    <property name="user.home" value="C:\Users\dhananjay.pokale"/>
    <property name="user.language" value="en"/>
    <property name="java.specification.vendor" value="Oracle Corporation"/>
    <property name="java.version.date" value="2023-01-17"/>
    <property name="java.home" value="C:\Program Files\eclipse\plugins\org.eclipse.justj.openjdk.hotspot.jre.full.win32.x86_64_17.0.6.v20230204-1729\jre"/>
    <property name="file.separator" value="\"/>
    <property name="style.color" value="always"/>
    <property name="basedir" value="C:\Dhananjay_Proj\OpencartV123"/>
    <property name="java.vm.compressedOopsMode" value="32-bit"/>
    <property name="line.separator" value="&#10;"/>
    <property name="java.vm.specification.vendor" value="Oracle Corporation"/>
    <property name="java.specification.name" value="Java Platform API Specification"/>
    <property name="surefire.real.class.path" value="C:\Users\dhananjay.pokale\AppData\Local\Temp\surefire13511099277317854745\surefirebooter-20240109143758737_3.jar"/>
    <property name="user.script" value=""/>
    <property name="sun.management.compiler" value="HotSpot 64-Bit Tiered Compilers"/>
    <property name="java.runtime.version" value="17.0.6+10"/>
    <property name="user.name" value="dhananjay.pokale"/>
    <property name="path.separator" value=";"/>
    <property name="os.version" value="10.0"/>
    <property name="java.runtime.name" value="OpenJDK Runtime Environment"/>
    <property name="file.encoding" value="Cp1252"/>
    <property name="java.vm.name" value="OpenJDK 64-Bit Server VM"/>
    <property name="java.vendor.version" value="Temurin-17.0.6+10"/>
    <property name="localRepository" value="C:\Users\dhananjay.pokale\.m2\repository"/>
    <property name="java.vendor.url.bug" value="https://github.com/adoptium/adoptium-support/issues"/>
    <property name="java.io.tmpdir" value="C:\Users\DHANAN~1.POK\AppData\Local\Temp\"/>
    <property name="java.version" value="17.0.6"/>
    <property name="user.dir" value="C:\Dhananjay_Proj\OpencartV123"/>
    <property name="os.arch" value="amd64"/>
    <property name="java.vm.specification.name" value="Java Virtual Machine Specification"/>
    <property name="sun.os.patch.level" value=""/>
    <property name="native.encoding" value="Cp1252"/>
    <property name="java.library.path" value="C:\Program Files\eclipse\plugins\org.eclipse.justj.openjdk.hotspot.jre.full.win32.x86_64_17.0.6.v20230204-1729\jre\bin;C:\Windows\Sun\Java\bin;C:\Windows\system32;C:\Windows;C:/Program Files/eclipse//plugins/org.eclipse.justj.openjdk.hotspot.jre.full.win32.x86_64_17.0.6.v20230204-1729/jre/bin/server;C:/Program Files/eclipse//plugins/org.eclipse.justj.openjdk.hotspot.jre.full.win32.x86_64_17.0.6.v20230204-1729/jre/bin;C:\Program Files\Common Files\Oracle\Java\javapath;C:\Windows\system32;C:\Windows;C:\Windows\System32\Wbem;C:\Windows\System32\WindowsPowerShell\v1.0\;C:\Windows\System32\OpenSSH\;C:\Program Files\PuTTY\;C:\Program Files\Java\jdk-20\bin;C:\Program Files\Git\cmd;C:\Program Files\Java\jdk-21\bin;C:\Program Files\Amazon\AWSCLIV2\;C:\Program Files\php-8.3.0-Win32-vs16-x64;C:\apache-maven-3.9.6\bin;C:\Program Files\Java\jdk-21\bin;C:\Users\dhananjay.pokale\AppData\Local\Microsoft\WindowsApps;;C:\Users\dhananjay.pokale\AppData\Local\Programs\Microsoft VS Code\bin;C:\Program Files\eclipse;;."/>
    <property name="java.vm.info" value="mixed mode"/>
    <property name="java.vendor" value="Eclipse Adoptium"/>
    <property name="java.vm.version" value="17.0.6+10"/>
    <property name="sun.io.unicode.encoding" value="UnicodeLittle"/>
    <property name="java.class.version" value="61.0"/>
  </properties>
  <testcase name="test_account_registration" classname="testCases.TC_001_AccountRegistration" time="6.6">
    <system-out><![CDATA[14:37:59.459 [main] DEBUG org.testng.TestNG - suiteXmlPath: "C:\Dhananjay_Proj\OpencartV123\testng.xml"
14:37:59.804 [main] DEBUG org.testng.internal.Graph - [Graph] ADDING NODE BaseClass.setup(java.lang.String)[pri:0, instance:null] -1422203584
14:37:59.805 [main] DEBUG org.testng.internal.Graph - [Graph] ================ SORTING
14:37:59.808 [main] DEBUG org.testng.internal.Graph - [Graph] =============== DONE SORTING
14:37:59.808 [main] DEBUG org.testng.internal.Graph - [Graph] ====== SORTED NODES
14:37:59.808 [main] DEBUG org.testng.internal.Graph - [Graph] ====== END SORTED NODES
14:37:59.809 [main] DEBUG org.testng.internal.Graph - [Graph] ADDING NODE BaseClass.tearDown()[pri:0, instance:null] 829687191
14:37:59.809 [main] DEBUG org.testng.internal.Graph - [Graph] ================ SORTING
14:37:59.809 [main] DEBUG org.testng.internal.Graph - [Graph] =============== DONE SORTING
14:37:59.809 [main] DEBUG org.testng.internal.Graph - [Graph] ====== SORTED NODES
14:37:59.809 [main] DEBUG org.testng.internal.Graph - [Graph] ====== END SORTED NODES
14:37:59.812 [main] DEBUG org.testng.internal.Graph - [Graph] ADDING NODE BaseClass.setup(java.lang.String)[pri:0, instance:null] -1422203584
14:37:59.813 [main] DEBUG org.testng.internal.Graph - [Graph] ================ SORTING
14:37:59.813 [main] DEBUG org.testng.internal.Graph - [Graph] =============== DONE SORTING
14:37:59.813 [main] DEBUG org.testng.internal.Graph - [Graph] ====== SORTED NODES
14:37:59.813 [main] DEBUG org.testng.internal.Graph - [Graph] ====== END SORTED NODES
14:37:59.813 [main] DEBUG org.testng.internal.Graph - [Graph] ADDING NODE BaseClass.tearDown()[pri:0, instance:null] 829687191
14:37:59.813 [main] DEBUG org.testng.internal.Graph - [Graph] ================ SORTING
14:37:59.814 [main] DEBUG org.testng.internal.Graph - [Graph] =============== DONE SORTING
14:37:59.814 [main] DEBUG org.testng.internal.Graph - [Graph] ====== SORTED NODES
14:37:59.814 [main] DEBUG org.testng.internal.Graph - [Graph] ====== END SORTED NODES
14:37:59.815 [main] DEBUG org.testng.internal.Graph - [Graph] ADDING NODE BaseClass.setup(java.lang.String)[pri:0, instance:null] -1422203584
14:37:59.816 [main] DEBUG org.testng.internal.Graph - [Graph] ================ SORTING
14:37:59.816 [main] DEBUG org.testng.internal.Graph - [Graph] =============== DONE SORTING
14:37:59.816 [main] DEBUG org.testng.internal.Graph - [Graph] ====== SORTED NODES
14:37:59.816 [main] DEBUG org.testng.internal.Graph - [Graph] ====== END SORTED NODES
14:37:59.816 [main] DEBUG org.testng.internal.Graph - [Graph] ADDING NODE BaseClass.tearDown()[pri:0, instance:null] 829687191
14:37:59.816 [main] DEBUG org.testng.internal.Graph - [Graph] ================ SORTING
14:37:59.816 [main] DEBUG org.testng.internal.Graph - [Graph] =============== DONE SORTING
14:37:59.816 [main] DEBUG org.testng.internal.Graph - [Graph] ====== SORTED NODES
14:37:59.816 [main] DEBUG org.testng.internal.Graph - [Graph] ====== END SORTED NODES
14:37:59.818 [main] DEBUG org.testng.internal.Graph - [Graph] ADDING NODE BaseClass.setup(java.lang.String)[pri:0, instance:null] -1422203584
14:37:59.818 [main] DEBUG org.testng.internal.Graph - [Graph] ================ SORTING
14:37:59.818 [main] DEBUG org.testng.internal.Graph - [Graph] =============== DONE SORTING
14:37:59.818 [main] DEBUG org.testng.internal.Graph - [Graph] ====== SORTED NODES
14:37:59.818 [main] DEBUG org.testng.internal.Graph - [Graph] ====== END SORTED NODES
14:37:59.819 [main] DEBUG org.testng.internal.Graph - [Graph] ADDING NODE BaseClass.tearDown()[pri:0, instance:null] 829687191
14:37:59.819 [main] DEBUG org.testng.internal.Graph - [Graph] ================ SORTING
14:37:59.819 [main] DEBUG org.testng.internal.Graph - [Graph] =============== DONE SORTING
14:37:59.819 [main] DEBUG org.testng.internal.Graph - [Graph] ====== SORTED NODES
14:37:59.819 [main] DEBUG org.testng.internal.Graph - [Graph] ====== END SORTED NODES
14:37:59.820 [main] DEBUG org.testng.internal.Graph - [Graph] ADDING NODE BaseClass.setup(java.lang.String)[pri:0, instance:null] -1422203584
14:37:59.820 [main] DEBUG org.testng.internal.Graph - [Graph] ================ SORTING
14:37:59.820 [main] DEBUG org.testng.internal.Graph - [Graph] =============== DONE SORTING
14:37:59.820 [main] DEBUG org.testng.internal.Graph - [Graph] ====== SORTED NODES
14:37:59.820 [main] DEBUG org.testng.internal.Graph - [Graph] ====== END SORTED NODES
14:37:59.821 [main] DEBUG org.testng.internal.Graph - [Graph] ADDING NODE BaseClass.tearDown()[pri:0, instance:null] 829687191
14:37:59.821 [main] DEBUG org.testng.internal.Graph - [Graph] ================ SORTING
14:37:59.821 [main] DEBUG org.testng.internal.Graph - [Graph] =============== DONE SORTING
14:37:59.821 [main] DEBUG org.testng.internal.Graph - [Graph] ====== SORTED NODES
14:37:59.821 [main] DEBUG org.testng.internal.Graph - [Graph] ====== END SORTED NODES
14:37:59.822 [main] DEBUG org.testng.internal.Graph - [Graph] ADDING NODE BaseClass.setup(java.lang.String)[pri:0, instance:null] -1422203584
14:37:59.823 [main] DEBUG org.testng.internal.Graph - [Graph] ================ SORTING
14:37:59.823 [main] DEBUG org.testng.internal.Graph - [Graph] =============== DONE SORTING
14:37:59.823 [main] DEBUG org.testng.internal.Graph - [Graph] ====== SORTED NODES
14:37:59.823 [main] DEBUG org.testng.internal.Graph - [Graph] ====== END SORTED NODES
14:37:59.823 [main] DEBUG org.testng.internal.Graph - [Graph] ADDING NODE BaseClass.tearDown()[pri:0, instance:null] 829687191
14:37:59.823 [main] DEBUG org.testng.internal.Graph - [Graph] ================ SORTING
14:37:59.823 [main] DEBUG org.testng.internal.Graph - [Graph] =============== DONE SORTING
14:37:59.823 [main] DEBUG org.testng.internal.Graph - [Graph] ====== SORTED NODES
14:37:59.823 [main] DEBUG org.testng.internal.Graph - [Graph] ====== END SORTED NODES
14:37:59.825 [main] DEBUG org.testng.internal.Graph - [Graph] ADDING NODE BaseClass.setup(java.lang.String)[pri:0, instance:null] -1422203584
14:37:59.825 [main] DEBUG org.testng.internal.Graph - [Graph] ================ SORTING
14:37:59.825 [main] DEBUG org.testng.internal.Graph - [Graph] =============== DONE SORTING
14:37:59.825 [main] DEBUG org.testng.internal.Graph - [Graph] ====== SORTED NODES
14:37:59.825 [main] DEBUG org.testng.internal.Graph - [Graph] ====== END SORTED NODES
14:37:59.825 [main] DEBUG org.testng.internal.Graph - [Graph] ADDING NODE BaseClass.tearDown()[pri:0, instance:null] 829687191
14:37:59.825 [main] DEBUG org.testng.internal.Graph - [Graph] ================ SORTING
14:37:59.825 [main] DEBUG org.testng.internal.Graph - [Graph] =============== DONE SORTING
14:37:59.825 [main] DEBUG org.testng.internal.Graph - [Graph] ====== SORTED NODES
14:37:59.825 [main] DEBUG org.testng.internal.Graph - [Graph] ====== END SORTED NODES
14:37:59.827 [main] DEBUG org.testng.internal.Graph - [Graph] ADDING NODE BaseClass.setup(java.lang.String)[pri:0, instance:null] -1422203584
14:37:59.827 [main] DEBUG org.testng.internal.Graph - [Graph] ================ SORTING
14:37:59.827 [main] DEBUG org.testng.internal.Graph - [Graph] =============== DONE SORTING
14:37:59.827 [main] DEBUG org.testng.internal.Graph - [Graph] ====== SORTED NODES
14:37:59.827 [main] DEBUG org.testng.internal.Graph - [Graph] ====== END SORTED NODES
14:37:59.828 [main] DEBUG org.testng.internal.Graph - [Graph] ADDING NODE BaseClass.tearDown()[pri:0, instance:null] 829687191
14:37:59.828 [main] DEBUG org.testng.internal.Graph - [Graph] ================ SORTING
14:37:59.828 [main] DEBUG org.testng.internal.Graph - [Graph] =============== DONE SORTING
14:37:59.828 [main] DEBUG org.testng.internal.Graph - [Graph] ====== SORTED NODES
14:37:59.828 [main] DEBUG org.testng.internal.Graph - [Graph] ====== END SORTED NODES
14:37:59.833 [main] DEBUG org.testng.internal.Graph - [Graph] ADDING NODE TC_001_AccountRegistration.test_account_registration()[pri:0, instance:testCases.TC_001_AccountRegistration@5276d6ee] -1265719694
14:37:59.833 [main] DEBUG org.testng.internal.Graph - [Graph] ADDING NODE TC_002_Login.test_user_login()[pri:0, instance:testCases.TC_002_Login@7bbc8656] 308004236
14:37:59.833 [main] DEBUG org.testng.internal.Graph - [Graph] ADDING NODE TC_004_Search.search_fetaure()[pri:0, instance:testCases.TC_004_Search@6933b6c6] -672125788
14:37:59.833 [main] DEBUG org.testng.internal.Graph - [Graph] ADDING NODE TC_005_AddItemInCard.AddItemInCard()[pri:0, instance:testCases.TC_005_AddItemInCard@7d3e8655] -45220655
14:37:59.833 [main] DEBUG org.testng.internal.Graph - [Graph] ADDING NODE TC_006_CompaireProducts.CompaireProducts()[pri:0, instance:testCases.TC_006_CompaireProducts@7dfb0c0f] -2072091220
14:37:59.833 [main] DEBUG org.testng.internal.Graph - [Graph] ADDING NODE TC_007_AddInWishlist.AddInWishlist()[pri:0, instance:testCases.TC_007_AddInWishlist@626abbd0] 894210038
14:37:59.833 [main] DEBUG org.testng.internal.Graph - [Graph] ADDING NODE TC_008_ForgetPassword.ForgetPassword()[pri:0, instance:testCases.TC_008_ForgetPassword@169bb4dd] -321615372
14:37:59.834 [main] DEBUG org.testng.internal.Graph - [Graph] ADDING NODE TC_009_FrgtPwdWithInvalidEmailAdd.FrgtPwdWithInvalidEmailAdd()[pri:0, instance:testCases.TC_009_FrgtPwdWithInvalidEmailAdd@1f9e9475] 1201286525
14:37:59.834 [main] DEBUG org.testng.internal.Graph - [Graph] ================ SORTING
14:37:59.835 [main] DEBUG org.testng.internal.Graph - [Graph] =============== DONE SORTING
14:37:59.835 [main] DEBUG org.testng.internal.Graph - [Graph] ====== SORTED NODES
14:37:59.835 [main] DEBUG org.testng.internal.Graph - [Graph] ====== END SORTED NODES
14:38:00.666 [main] DEBUG io.github.bonigarcia.wdm.WebDriverManager - Using WebDriverManager 5.6.2
14:38:00.943 [main] DEBUG io.github.bonigarcia.wdm.cache.ResolutionCache - Resolution chrome=120 in cache (valid until 15:36:23 09/01/2024 IST)
14:38:00.944 [main] DEBUG io.github.bonigarcia.wdm.cache.ResolutionCache - Resolution chrome120=120.0.6099.109 in cache (valid until 14:36:23 10/01/2024 IST)
14:38:00.945 [main] INFO io.github.bonigarcia.wdm.WebDriverManager - Using chromedriver 120.0.6099.109 (resolved driver for Chrome 120)
14:38:00.978 [main] DEBUG io.github.bonigarcia.wdm.WebDriverManager - Driver chromedriver 120.0.6099.109 found in cache
14:38:00.979 [main] INFO io.github.bonigarcia.wdm.WebDriverManager - Exporting webdriver.chrome.driver as C:\Users\dhananjay.pokale\.cache\selenium\chromedriver\win64\120.0.6099.109\chromedriver.exe
14:38:02.598 [main] INFO testCases.TC_001_AccountRegistration - Starting TC_001_AccountRegistration
14:38:04.616 [main] INFO testCases.TC_001_AccountRegistration - Providing customer Name
14:38:04.800 [main] INFO testCases.TC_001_AccountRegistration - Providing customer Lastname
14:38:04.935 [main] INFO testCases.TC_001_AccountRegistration - Providing customer email Id
14:38:05.055 [main] INFO testCases.TC_001_AccountRegistration - Providing customer Pswd
14:38:05.173 [main] INFO testCases.TC_001_AccountRegistration - Scrolling Down
14:38:08.193 [main] INFO testCases.TC_001_AccountRegistration - Accepting Privacy policy
14:38:08.317 [main] INFO testCases.TC_001_AccountRegistration - Clicking on continue
14:38:08.448 [main] INFO testCases.TC_001_AccountRegistration - Validation started
14:38:09.180 [main] INFO testCases.TC_001_AccountRegistration - Registration Testcase and Validation passed
]]></system-out>
    <system-err><![CDATA[Jan 09, 2024 2:38:02 PM org.openqa.selenium.devtools.CdpVersionFinder findNearestMatch
WARNING: Unable to find an exact match for CDP version 120, returning the closest version; found: 118; Please update to a Selenium version that supports CDP version 120
]]></system-err>
  </testcase>
  <testcase name="test_user_login" classname="testCases.TC_002_Login" time="2.062">
    <system-out><![CDATA[14:38:09.458 [main] DEBUG io.github.bonigarcia.wdm.WebDriverManager - Using WebDriverManager 5.6.2
14:38:09.467 [main] DEBUG io.github.bonigarcia.wdm.cache.ResolutionCache - Resolution chrome=120 in cache (valid until 15:36:23 09/01/2024 IST)
14:38:09.468 [main] DEBUG io.github.bonigarcia.wdm.cache.ResolutionCache - Resolution chrome120=120.0.6099.109 in cache (valid until 14:36:23 10/01/2024 IST)
14:38:09.468 [main] INFO io.github.bonigarcia.wdm.WebDriverManager - Using chromedriver 120.0.6099.109 (resolved driver for Chrome 120)
14:38:09.477 [main] DEBUG io.github.bonigarcia.wdm.WebDriverManager - Driver chromedriver 120.0.6099.109 found in cache
14:38:09.478 [main] INFO io.github.bonigarcia.wdm.WebDriverManager - Exporting webdriver.chrome.driver as C:\Users\dhananjay.pokale\.cache\selenium\chromedriver\win64\120.0.6099.109\chromedriver.exe
14:38:10.481 [main] INFO testCases.TC_002_Login - Starting TC_002_Login
14:38:12.544 [main] INFO testCases.TC_002_Login - Loggin is Success
]]></system-out>
    <system-err><![CDATA[Jan 09, 2024 2:38:10 PM org.openqa.selenium.devtools.CdpVersionFinder findNearestMatch
WARNING: Unable to find an exact match for CDP version 120, returning the closest version; found: 118; Please update to a Selenium version that supports CDP version 120
]]></system-err>
  </testcase>
  <testcase name="search_fetaure" classname="testCases.TC_004_Search" time="1.576">
    <system-out><![CDATA[14:38:12.752 [main] DEBUG io.github.bonigarcia.wdm.WebDriverManager - Using WebDriverManager 5.6.2
14:38:12.761 [main] DEBUG io.github.bonigarcia.wdm.cache.ResolutionCache - Resolution chrome=120 in cache (valid until 15:36:23 09/01/2024 IST)
14:38:12.762 [main] DEBUG io.github.bonigarcia.wdm.cache.ResolutionCache - Resolution chrome120=120.0.6099.109 in cache (valid until 14:36:23 10/01/2024 IST)
14:38:12.762 [main] INFO io.github.bonigarcia.wdm.WebDriverManager - Using chromedriver 120.0.6099.109 (resolved driver for Chrome 120)
14:38:12.777 [main] DEBUG io.github.bonigarcia.wdm.WebDriverManager - Driver chromedriver 120.0.6099.109 found in cache
14:38:12.778 [main] INFO io.github.bonigarcia.wdm.WebDriverManager - Exporting webdriver.chrome.driver as C:\Users\dhananjay.pokale\.cache\selenium\chromedriver\win64\120.0.6099.109\chromedriver.exe
14:38:13.847 [main] INFO testCases.TC_004_Search - Starting TC_004_Search
14:38:15.426 [main] INFO testCases.TC_004_Search - Item Found
]]></system-out>
    <system-err><![CDATA[Jan 09, 2024 2:38:13 PM org.openqa.selenium.devtools.CdpVersionFinder findNearestMatch
WARNING: Unable to find an exact match for CDP version 120, returning the closest version; found: 118; Please update to a Selenium version that supports CDP version 120
]]></system-err>
  </testcase>
  <testcase name="AddItemInCard" classname="testCases.TC_005_AddItemInCard" time="7.859">
    <system-out><![CDATA[14:38:15.671 [main] DEBUG io.github.bonigarcia.wdm.WebDriverManager - Using WebDriverManager 5.6.2
14:38:15.677 [main] DEBUG io.github.bonigarcia.wdm.cache.ResolutionCache - Resolution chrome=120 in cache (valid until 15:36:23 09/01/2024 IST)
14:38:15.677 [main] DEBUG io.github.bonigarcia.wdm.cache.ResolutionCache - Resolution chrome120=120.0.6099.109 in cache (valid until 14:36:23 10/01/2024 IST)
14:38:15.677 [main] INFO io.github.bonigarcia.wdm.WebDriverManager - Using chromedriver 120.0.6099.109 (resolved driver for Chrome 120)
14:38:15.687 [main] DEBUG io.github.bonigarcia.wdm.WebDriverManager - Driver chromedriver 120.0.6099.109 found in cache
14:38:15.688 [main] INFO io.github.bonigarcia.wdm.WebDriverManager - Exporting webdriver.chrome.driver as C:\Users\dhananjay.pokale\.cache\selenium\chromedriver\win64\120.0.6099.109\chromedriver.exe
14:38:16.636 [main] INFO testCases.TC_007_AddInWishlist - Starting TC_005_AddItemInCard
random number is:3
Waiting
14:38:24.497 [main] INFO testCases.TC_007_AddInWishlist - Items added in cart succefully
]]></system-out>
    <system-err><![CDATA[Jan 09, 2024 2:38:16 PM org.openqa.selenium.devtools.CdpVersionFinder findNearestMatch
WARNING: Unable to find an exact match for CDP version 120, returning the closest version; found: 118; Please update to a Selenium version that supports CDP version 120
]]></system-err>
  </testcase>
  <testcase name="CompaireProducts" classname="testCases.TC_006_CompaireProducts" time="9.892">
    <system-out><![CDATA[14:38:24.761 [main] DEBUG io.github.bonigarcia.wdm.WebDriverManager - Using WebDriverManager 5.6.2
14:38:24.768 [main] DEBUG io.github.bonigarcia.wdm.cache.ResolutionCache - Resolution chrome=120 in cache (valid until 15:36:23 09/01/2024 IST)
14:38:24.769 [main] DEBUG io.github.bonigarcia.wdm.cache.ResolutionCache - Resolution chrome120=120.0.6099.109 in cache (valid until 14:36:23 10/01/2024 IST)
14:38:24.769 [main] INFO io.github.bonigarcia.wdm.WebDriverManager - Using chromedriver 120.0.6099.109 (resolved driver for Chrome 120)
14:38:24.778 [main] DEBUG io.github.bonigarcia.wdm.WebDriverManager - Driver chromedriver 120.0.6099.109 found in cache
14:38:24.778 [main] INFO io.github.bonigarcia.wdm.WebDriverManager - Exporting webdriver.chrome.driver as C:\Users\dhananjay.pokale\.cache\selenium\chromedriver\win64\120.0.6099.109\chromedriver.exe
14:38:25.764 [main] INFO testCases.TC_006_CompaireProducts - Starting TC_006_CompaireProducts
14:38:35.662 [main] INFO testCases.TC_006_CompaireProducts - Itmes addedd in list
]]></system-out>
    <system-err><![CDATA[Jan 09, 2024 2:38:25 PM org.openqa.selenium.devtools.CdpVersionFinder findNearestMatch
WARNING: Unable to find an exact match for CDP version 120, returning the closest version; found: 118; Please update to a Selenium version that supports CDP version 120
]]></system-err>
  </testcase>
  <testcase name="AddInWishlist" classname="testCases.TC_007_AddInWishlist" time="17.853">
    <system-out><![CDATA[14:38:35.911 [main] DEBUG io.github.bonigarcia.wdm.WebDriverManager - Using WebDriverManager 5.6.2
14:38:35.918 [main] DEBUG io.github.bonigarcia.wdm.cache.ResolutionCache - Resolution chrome=120 in cache (valid until 15:36:23 09/01/2024 IST)
14:38:35.918 [main] DEBUG io.github.bonigarcia.wdm.cache.ResolutionCache - Resolution chrome120=120.0.6099.109 in cache (valid until 14:36:23 10/01/2024 IST)
14:38:35.918 [main] INFO io.github.bonigarcia.wdm.WebDriverManager - Using chromedriver 120.0.6099.109 (resolved driver for Chrome 120)
14:38:35.930 [main] DEBUG io.github.bonigarcia.wdm.WebDriverManager - Driver chromedriver 120.0.6099.109 found in cache
14:38:35.930 [main] INFO io.github.bonigarcia.wdm.WebDriverManager - Exporting webdriver.chrome.driver as C:\Users\dhananjay.pokale\.cache\selenium\chromedriver\win64\120.0.6099.109\chromedriver.exe
14:38:37.053 [main] INFO testCases.TC_007_AddInWishlist - Starting TC_007_AddInWishlist
14:38:38.706 [main] INFO testCases.TC_007_AddInWishlist - Login Success
14:38:42.130 [main] INFO testCases.TC_007_AddInWishlist - Scrolling down
14:38:45.132 [main] INFO testCases.TC_007_AddInWishlist - Waiting1
14:38:45.234 [main] INFO testCases.TC_007_AddInWishlist - Add 1st product
14:38:48.250 [main] INFO testCases.TC_007_AddInWishlist - waitimg2
14:38:48.352 [main] INFO testCases.TC_007_AddInWishlist - Add 2nd product
14:38:48.372 [main] INFO testCases.TC_007_AddInWishlist - Scrolling up
14:38:53.384 [main] INFO testCases.TC_007_AddInWishlist - waiting 3
14:38:54.782 [main] INFO testCases.TC_007_AddInWishlist - Click on wish btn
14:38:54.910 [main] INFO testCases.TC_007_AddInWishlist - Both items added in wishlist succefully
]]></system-out>
    <system-err><![CDATA[Jan 09, 2024 2:38:37 PM org.openqa.selenium.devtools.CdpVersionFinder findNearestMatch
WARNING: Unable to find an exact match for CDP version 120, returning the closest version; found: 118; Please update to a Selenium version that supports CDP version 120
]]></system-err>
  </testcase>
  <testcase name="ForgetPassword" classname="testCases.TC_008_ForgetPassword" time="2.531">
    <system-out><![CDATA[14:38:55.158 [main] DEBUG io.github.bonigarcia.wdm.WebDriverManager - Using WebDriverManager 5.6.2
14:38:55.173 [main] DEBUG io.github.bonigarcia.wdm.cache.ResolutionCache - Resolution chrome=120 in cache (valid until 15:36:23 09/01/2024 IST)
14:38:55.174 [main] DEBUG io.github.bonigarcia.wdm.cache.ResolutionCache - Resolution chrome120=120.0.6099.109 in cache (valid until 14:36:23 10/01/2024 IST)
14:38:55.174 [main] INFO io.github.bonigarcia.wdm.WebDriverManager - Using chromedriver 120.0.6099.109 (resolved driver for Chrome 120)
14:38:55.193 [main] DEBUG io.github.bonigarcia.wdm.WebDriverManager - Driver chromedriver 120.0.6099.109 found in cache
14:38:55.194 [main] INFO io.github.bonigarcia.wdm.WebDriverManager - Exporting webdriver.chrome.driver as C:\Users\dhananjay.pokale\.cache\selenium\chromedriver\win64\120.0.6099.109\chromedriver.exe
14:38:56.361 [main] INFO testCases.TC_008_ForgetPassword - Starting TC_008_ForgetPassword
14:38:58.894 [main] INFO testCases.TC_008_ForgetPassword - Password Updated Succefully
]]></system-out>
    <system-err><![CDATA[Jan 09, 2024 2:38:56 PM org.openqa.selenium.devtools.CdpVersionFinder findNearestMatch
WARNING: Unable to find an exact match for CDP version 120, returning the closest version; found: 118; Please update to a Selenium version that supports CDP version 120
]]></system-err>
  </testcase>
  <testcase name="FrgtPwdWithInvalidEmailAdd" classname="testCases.TC_009_FrgtPwdWithInvalidEmailAdd" time="2.136">
    <system-out><![CDATA[14:38:59.121 [main] DEBUG io.github.bonigarcia.wdm.WebDriverManager - Using WebDriverManager 5.6.2
14:38:59.131 [main] DEBUG io.github.bonigarcia.wdm.cache.ResolutionCache - Resolution chrome=120 in cache (valid until 15:36:23 09/01/2024 IST)
14:38:59.132 [main] DEBUG io.github.bonigarcia.wdm.cache.ResolutionCache - Resolution chrome120=120.0.6099.109 in cache (valid until 14:36:23 10/01/2024 IST)
14:38:59.132 [main] INFO io.github.bonigarcia.wdm.WebDriverManager - Using chromedriver 120.0.6099.109 (resolved driver for Chrome 120)
14:38:59.150 [main] DEBUG io.github.bonigarcia.wdm.WebDriverManager - Driver chromedriver 120.0.6099.109 found in cache
14:38:59.151 [main] INFO io.github.bonigarcia.wdm.WebDriverManager - Exporting webdriver.chrome.driver as C:\Users\dhananjay.pokale\.cache\selenium\chromedriver\win64\120.0.6099.109\chromedriver.exe
14:39:00.196 [main] INFO testCases.TC_009_FrgtPwdWithInvalidEmailAdd - Starting TC_009_FrgtPwdWithInvalidEmailAdd
14:39:02.332 [main] INFO testCases.TC_009_FrgtPwdWithInvalidEmailAdd - Got error message of Invalid Email
]]></system-out>
    <system-err><![CDATA[Jan 09, 2024 2:39:00 PM org.openqa.selenium.devtools.CdpVersionFinder findNearestMatch
WARNING: Unable to find an exact match for CDP version 120, returning the closest version; found: 118; Please update to a Selenium version that supports CDP version 120
]]></system-err>
  </testcase>
</testsuite>