<?xml version="1.0" encoding="UTF-8"?>
<!-- Generated by org.testng.reporters.JUnitReportReporter -->
<testsuite hostname="DhananjayP-PC" failures="0" tests="1" name="testCases.TC_007_AddInWishlist" time="17.341" errors="0" timestamp="2024-01-08T16:30:38 IST" skipped="0">
  <testcase classname="testCases.TC_007_AddInWishlist" name="AddInWishlist" time="17.341"/>
</testsuite> <!-- testCases.TC_007_AddInWishlist -->
