<?xml version="1.0" encoding="UTF-8"?>
<!-- Generated by org.testng.reporters.JUnitReportReporter -->
<testsuite hostname="DhananjayP-PC" failures="0" tests="1" name="testCases.TC_001_AccountRegistration" time="6.259" errors="0" timestamp="2023-12-04T15:44:02 IST" skipped="0">
  <testcase classname="testCases.TC_001_AccountRegistration" name="test_account_registration" time="6.259"/>
</testsuite> <!-- testCases.TC_001_AccountRegistration -->
