<?xml version="1.0" encoding="UTF-8"?>
<!-- Generated by org.testng.reporters.JUnitReportReporter -->
<testsuite hostname="DhananjayP-PC" failures="0" tests="1" name="testCases.TC_004_Search" time="2.690" errors="0" timestamp="2024-02-07T12:29:59 IST" skipped="0">
  <testcase classname="testCases.TC_004_Search" name="search_fetaure" time="2.690"/>
</testsuite> <!-- testCases.TC_004_Search -->
