<?xml version="1.0" encoding="UTF-8"?>
<!-- Generated by org.testng.reporters.JUnitReportReporter -->
<testsuite hostname="DhananjayP-PC" failures="0" tests="1" name="testCases.TC_006_CompaireProducts" time="17.529" errors="0" timestamp="2024-01-08T12:12:16 IST" skipped="0">
  <testcase classname="testCases.TC_006_CompaireProducts" name="CompaireProducts" time="17.529"/>
</testsuite> <!-- testCases.TC_006_CompaireProducts -->
