<?xml version="1.0" encoding="UTF-8"?>
<!-- Generated by org.testng.reporters.JUnitReportReporter -->
<testsuite hostname="DhananjayP-PC" failures="0" tests="1" name="testCases.test11" time="11.783" errors="0" timestamp="2024-01-29T18:29:55 IST" skipped="0">
  <testcase classname="testCases.test11" name="ShoppingCart" time="11.783"/>
</testsuite> <!-- testCases.test11 -->
