<?xml version="1.0" encoding="UTF-8"?>
<!-- Generated by org.testng.reporters.JUnitReportReporter -->
<testsuite hostname="DhananjayP-PC" failures="0" tests="1" name="testCases.TC_006_CompaireProducts" time="10.127" errors="0" timestamp="2024-01-11T12:05:49 IST" skipped="0">
  <testcase classname="testCases.TC_006_CompaireProducts" name="CompaireProducts" time="10.127"/>
</testsuite> <!-- testCases.TC_006_CompaireProducts -->
