<?xml version="1.0" encoding="UTF-8"?>
<!-- Generated by org.testng.reporters.JUnitReportReporter -->
<testsuite hostname="DhananjayP-PC" failures="0" tests="1" name="testCases.TC_009_FrgtPwdWithInvalidEmailAdd" time="3.509" errors="0" timestamp="2024-02-07T12:33:46 IST" skipped="0">
  <testcase classname="testCases.TC_009_FrgtPwdWithInvalidEmailAdd" name="FrgtPwdWithInvalidEmailAdd" time="3.509"/>
</testsuite> <!-- testCases.TC_009_FrgtPwdWithInvalidEmailAdd -->
