<?xml version="1.0" encoding="UTF-8"?>
<!-- Generated by org.testng.reporters.JUnitReportReporter -->
<testsuite hostname="DhananjayP-PC" failures="0" tests="1" name="testCases.TC_008_ForgetPassword" time="3.825" errors="0" timestamp="2024-02-07T12:29:59 IST" skipped="0">
  <testcase classname="testCases.TC_008_ForgetPassword" name="ForgetPassword" time="3.825"/>
</testsuite> <!-- testCases.TC_008_ForgetPassword -->
