<?xml version="1.0" encoding="UTF-8"?>
<!-- Generated by org.testng.reporters.JUnitReportReporter -->
<testsuite hostname="DhananjayP-PC" failures="0" tests="1" name="testCases.TC_006_CompaireProducts" time="11.363" errors="0" timestamp="2024-02-07T12:33:46 IST" skipped="0">
  <testcase classname="testCases.TC_006_CompaireProducts" name="CompaireProducts" time="11.363"/>
</testsuite> <!-- testCases.TC_006_CompaireProducts -->
