<?xml version="1.0" encoding="UTF-8"?>
<!-- Generated by org.testng.reporters.JUnitReportReporter -->
<testsuite hostname="DhananjayP-PC" failures="0" tests="1" name="testCases.TC_006_CompaireProducts" time="9.812" errors="0" timestamp="2024-01-08T16:08:03 IST" skipped="0">
  <testcase classname="testCases.TC_006_CompaireProducts" name="CompaireProducts" time="9.812"/>
</testsuite> <!-- testCases.TC_006_CompaireProducts -->
