<?xml version="1.0" encoding="UTF-8"?>
<!-- Generated by org.testng.reporters.JUnitReportReporter -->
<testsuite hostname="DhananjayP-PC" failures="0" tests="1" name="testCases.TC_002_Login" time="3.119" errors="0" timestamp="2024-02-07T12:29:59 IST" skipped="0">
  <testcase classname="testCases.TC_002_Login" name="test_user_login" time="3.119"/>
</testsuite> <!-- testCases.TC_002_Login -->
