<?xml version="1.0" encoding="UTF-8"?>
<!-- Generated by org.testng.reporters.JUnitReportReporter -->
<testsuite hostname="DhananjayP-PC" failures="0" tests="1" name="testCases.TC_004_Search" time="3.046" errors="0" timestamp="2024-01-09T17:40:37 IST" skipped="0">
  <testcase classname="testCases.TC_004_Search" name="search_fetaure" time="3.046"/>
</testsuite> <!-- testCases.TC_004_Search -->
