<?xml version="1.0" encoding="UTF-8"?>
<!-- Generated by org.testng.reporters.JUnitReportReporter -->
<testsuite hostname="DhananjayP-PC" failures="0" tests="1" name="testCases.TC_002_Login" time="3.538" errors="0" timestamp="2023-12-04T16:16:22 IST" skipped="0">
  <testcase classname="testCases.TC_002_Login" name="test_user_login" time="3.538"/>
</testsuite> <!-- testCases.TC_002_Login -->
