<?xml version="1.0" encoding="UTF-8"?>
<!-- Generated by org.testng.reporters.JUnitReportReporter -->
<testsuite hostname="DhananjayP-PC" failures="0" tests="1" name="testCases.TC_007_AddInWishlist" time="21.979" errors="0" timestamp="2024-02-07T12:29:59 IST" skipped="0">
  <testcase classname="testCases.TC_007_AddInWishlist" name="AddInWishlist" time="21.979"/>
</testsuite> <!-- testCases.TC_007_AddInWishlist -->
