<?xml version="1.0" encoding="UTF-8"?>
<!-- Generated by org.testng.reporters.JUnitReportReporter -->
<testsuite hostname="DhananjayP-PC" failures="0" tests="1" name="testCases.TC_005_AddItemInCard" time="8.245" errors="0" timestamp="2024-01-08T16:41:46 IST" skipped="0">
  <testcase classname="testCases.TC_005_AddItemInCard" name="AddItemInCard" time="8.245"/>
</testsuite> <!-- testCases.TC_005_AddItemInCard -->
