<?xml version="1.0" encoding="UTF-8"?>
<!-- Generated by org.testng.reporters.JUnitReportReporter -->
<testsuite hostname="DhananjayP-PC" failures="0" tests="1" name="testCases.TC_004_Search" time="2.219" errors="0" timestamp="2024-01-08T16:41:45 IST" skipped="0">
  <testcase classname="testCases.TC_004_Search" name="search_fetaure" time="2.219"/>
</testsuite> <!-- testCases.TC_004_Search -->
