<?xml version="1.0" encoding="UTF-8"?>
<!-- Generated by org.testng.reporters.JUnitReportReporter -->
<testsuite hostname="DhananjayP-PC" failures="0" tests="1" name="testCases.TC_005_AddItemInCard" time="9.524" errors="0" timestamp="2024-01-09T17:40:37 IST" skipped="0">
  <testcase classname="testCases.TC_005_AddItemInCard" name="AddItemInCard" time="9.524"/>
</testsuite> <!-- testCases.TC_005_AddItemInCard -->
