<?xml version="1.0" encoding="UTF-8"?>
<!-- Generated by org.testng.reporters.JUnitReportReporter -->
<testsuite hostname="DhananjayP-PC" failures="0" tests="1" name="testCases.TC_008_ForgetPassword" time="3.475" errors="0" timestamp="2024-01-08T12:12:16 IST" skipped="0">
  <testcase classname="testCases.TC_008_ForgetPassword" name="ForgetPassword" time="3.475"/>
</testsuite> <!-- testCases.TC_008_ForgetPassword -->
