<?xml version="1.0" encoding="UTF-8"?>
<!-- Generated by org.testng.reporters.JUnitReportReporter -->
<testsuite hostname="DhananjayP-PC" failures="0" tests="1" name="testCases.TC_005_AddItemInCard" time="9.349" errors="0" timestamp="2024-01-15T12:00:01 IST" skipped="0">
  <testcase classname="testCases.TC_005_AddItemInCard" name="AddItemInCard" time="9.349"/>
</testsuite> <!-- testCases.TC_005_AddItemInCard -->
