<?xml version="1.0" encoding="UTF-8"?>
<!-- Generated by org.testng.reporters.JUnitReportReporter -->
<testsuite hostname="DhananjayP-PC" failures="0" tests="1" name="testCases.TC_001_AccountRegistration" time="6.612" errors="0" timestamp="2023-12-04T14:43:05 IST" skipped="0">
  <testcase classname="testCases.TC_001_AccountRegistration" name="test_account_registration" time="6.612"/>
</testsuite> <!-- testCases.TC_001_AccountRegistration -->
