<?xml version="1.0" encoding="UTF-8"?>
<!-- Generated by org.testng.reporters.JUnitReportReporter -->
<testsuite hostname="DhananjayP-PC" failures="0" tests="1" name="testCases.TC_001_AccountRegistration" time="6.587" errors="0" timestamp="2024-01-09T14:39:03 IST" skipped="0">
  <testcase classname="testCases.TC_001_AccountRegistration" name="test_account_registration" time="6.587"/>
  <system-out/>
</testsuite> <!-- testCases.TC_001_AccountRegistration -->
