<?xml version="1.0" encoding="UTF-8"?>
<!-- Generated by org.testng.reporters.JUnitReportReporter -->
<testsuite hostname="DhananjayP-PC" failures="0" tests="1" name="testCases.TC_001_AccountRegistration" time="5.846" errors="0" timestamp="2023-12-03T15:00:52 IST" skipped="0">
  <testcase classname="testCases.TC_001_AccountRegistration" name="test_account_registration" time="5.846"/>
  <system-out/>
</testsuite> <!-- testCases.TC_001_AccountRegistration -->
