<?xml version="1.0" encoding="UTF-8"?>
<!-- Generated by org.testng.reporters.JUnitReportReporter -->
<testsuite hostname="DhananjayP-PC" failures="0" tests="1" name="testCases.TC_002_Login" time="2.064" errors="0" timestamp="2024-01-09T14:39:03 IST" skipped="0">
  <testcase classname="testCases.TC_002_Login" name="test_user_login" time="2.064"/>
  <system-out/>
</testsuite> <!-- testCases.TC_002_Login -->
