<?xml version="1.0" encoding="UTF-8"?>
<!-- Generated by org.testng.reporters.JUnitReportReporter -->
<testsuite hostname="DhananjayP-PC" failures="0" tests="1" name="testCases.TC_001_AccountRegistration" time="9.731" errors="0" timestamp="2023-12-04T16:12:04 IST" skipped="0">
  <testcase classname="testCases.TC_001_AccountRegistration" name="test_account_registration" time="9.731"/>
  <system-out/>
</testsuite> <!-- testCases.TC_001_AccountRegistration -->
